<?xml version="1.0" encoding="UTF-8"?>
<!-- Generated by org.testng.reporters.JUnitReportReporter -->
<testsuite skipped="0" hostname="INR1703297" name="testScript.RegisterUser" tests="1" failures="0" timestamp="16 Nov 2019 16:11:28 GMT" time="18.617" errors="0">
  <testcase name="registerUser" time="18.617" classname="testScript.RegisterUser"/>
</testsuite> <!-- testScript.RegisterUser -->
