<?xml version="1.0" encoding="UTF-8"?>
<!-- Generated by org.testng.reporters.JUnitReportReporter -->
<testsuite skipped="0" hostname="INR1703297" name="testScript.ProductPurchase" tests="1" failures="0" timestamp="16 Nov 2019 16:08:11 GMT" time="18.573" errors="0">
  <testcase name="orderProduct" time="18.573" classname="testScript.ProductPurchase"/>
</testsuite> <!-- testScript.ProductPurchase -->
